# JRE version: OpenJDK Runtime Environment Temurin-17.0.13+11 (17.0.13+11) (build 17.0.13+11)
# Java VM: OpenJDK 64-Bit Server VM Temurin-17.0.13+11 (17.0.13+11, mixed mode, tiered, compressed oops, compressed class ptrs, parallel gc, windows-amd64)
GC Precious Log:
 CPUs: 8 total, 8 available
 Memory: 16122M
 Large Page Support: Disabled
 NUMA Support: Disabled
 Compressed Oops: Enabled (32-bit)
 Alignments: Space 512K, Generation 512K, Heap 2M
 Heap Min Capacity: 100M
 Heap Initial Capacity: 100M
 Heap Max Capacity: 1G
 Pre-touch: Disabled
 Parallel Workers: 8
Heap:
 PSYoungGen      total 12288K, used 6911K [0x00000000eab00000, 0x00000000eba80000, 0x0000000100000000)
  eden space 8704K, 38% used [0x00000000eab00000,0x00000000eae46680,0x00000000eb380000)
  from space 3584K, 99% used [0x00000000eb700000,0x00000000eba79730,0x00000000eba80000)
  to   space 3584K, 0% used [0x00000000eb380000,0x00000000eb380000,0x00000000eb700000)
 ParOldGen       total 195584K, used 193871K [0x00000000c0000000, 0x00000000cbf00000, 0x00000000eab00000)
  object space 195584K, 99% used [0x00000000c0000000,0x00000000cbd53cf0,0x00000000cbf00000)
 Metaspace       used 61580K, committed 62720K, reserved 1114112K
  class space    used 6524K, committed 7040K, reserved 1048576K
GC Heap History (20 events):
Event: 34.882 GC heap before
{Heap before GC invocations=101 (full 7):
 PSYoungGen      total 13824K, used 13312K [0x00000000eab00000, 0x00000000ebc80000, 0x0000000100000000)
  eden space 9728K, 100% used [0x00000000eab00000,0x00000000eb480000,0x00000000eb480000)
  from space 4096K, 87% used [0x00000000eb480000,0x00000000eb8002c8,0x00000000eb880000)
  to   space 4096K, 0% used [0x00000000eb880000,0x00000000eb880000,0x00000000ebc80000)
 ParOldGen       total 195584K, used 183996K [0x00000000c0000000, 0x00000000cbf00000, 0x00000000eab00000)
  object space 195584K, 94% used [0x00000000c0000000,0x00000000cb3af0f0,0x00000000cbf00000)
 Metaspace       used 60831K, committed 61952K, reserved 1114112K
  class space    used 6489K, committed 6976K, reserved 1048576K
}
Event: 34.887 GC heap after
{Heap after GC invocations=101 (full 7):
 PSYoungGen      total 12800K, used 4072K [0x00000000eab00000, 0x00000000ebe80000, 0x0000000100000000)
  eden space 8704K, 0% used [0x00000000eab00000,0x00000000eab00000,0x00000000eb380000)
  from space 4096K, 99% used [0x00000000eb880000,0x00000000ebc7a398,0x00000000ebc80000)
  to   space 5120K, 0% used [0x00000000eb380000,0x00000000eb380000,0x00000000eb880000)
 ParOldGen       total 195584K, used 184583K [0x00000000c0000000, 0x00000000cbf00000, 0x00000000eab00000)
  object space 195584K, 94% used [0x00000000c0000000,0x00000000cb441d08,0x00000000cbf00000)
 Metaspace       used 60831K, committed 61952K, reserved 1114112K
  class space    used 6489K, committed 6976K, reserved 1048576K
}
Event: 34.944 GC heap before
{Heap before GC invocations=102 (full 7):
 PSYoungGen      total 12800K, used 12776K [0x00000000eab00000, 0x00000000ebe80000, 0x0000000100000000)
  eden space 8704K, 100% used [0x00000000eab00000,0x00000000eb380000,0x00000000eb380000)
  from space 4096K, 99% used [0x00000000eb880000,0x00000000ebc7a398,0x00000000ebc80000)
  to   space 5120K, 0% used [0x00000000eb380000,0x00000000eb380000,0x00000000eb880000)
 ParOldGen       total 195584K, used 184583K [0x00000000c0000000, 0x00000000cbf00000, 0x00000000eab00000)
  object space 195584K, 94% used [0x00000000c0000000,0x00000000cb441d08,0x00000000cbf00000)
 Metaspace       used 61049K, committed 62272K, reserved 1114112K
  class space    used 6503K, committed 7040K, reserved 1048576K
}
Event: 34.950 GC heap after
{Heap after GC invocations=102 (full 7):
 PSYoungGen      total 11264K, used 2164K [0x00000000eab00000, 0x00000000eba80000, 0x0000000100000000)
  eden space 8704K, 0% used [0x00000000eab00000,0x00000000eab00000,0x00000000eb380000)
  from space 2560K, 84% used [0x00000000eb380000,0x00000000eb59d1e8,0x00000000eb600000)
  to   space 3584K, 0% used [0x00000000eb700000,0x00000000eb700000,0x00000000eba80000)
 ParOldGen       total 195584K, used 187597K [0x00000000c0000000, 0x00000000cbf00000, 0x00000000eab00000)
  object space 195584K, 95% used [0x00000000c0000000,0x00000000cb7335b8,0x00000000cbf00000)
 Metaspace       used 61049K, committed 62272K, reserved 1114112K
  class space    used 6503K, committed 7040K, reserved 1048576K
}
Event: 35.047 GC heap before
{Heap before GC invocations=103 (full 7):
 PSYoungGen      total 11264K, used 10868K [0x00000000eab00000, 0x00000000eba80000, 0x0000000100000000)
  eden space 8704K, 100% used [0x00000000eab00000,0x00000000eb380000,0x00000000eb380000)
  from space 2560K, 84% used [0x00000000eb380000,0x00000000eb59d1e8,0x00000000eb600000)
  to   space 3584K, 0% used [0x00000000eb700000,0x00000000eb700000,0x00000000eba80000)
 ParOldGen       total 195584K, used 187785K [0x00000000c0000000, 0x00000000cbf00000, 0x00000000eab00000)
  object space 195584K, 96% used [0x00000000c0000000,0x00000000cb762708,0x00000000cbf00000)
 Metaspace       used 61136K, committed 62272K, reserved 1114112K
  class space    used 6504K, committed 7040K, reserved 1048576K
}
Event: 35.051 GC heap after
{Heap after GC invocations=103 (full 7):
 PSYoungGen      total 11776K, used 2868K [0x00000000eab00000, 0x00000000eba00000, 0x0000000100000000)
  eden space 8704K, 0% used [0x00000000eab00000,0x00000000eab00000,0x00000000eb380000)
  from space 3072K, 93% used [0x00000000eb700000,0x00000000eb9cd1e8,0x00000000eba00000)
  to   space 3072K, 0% used [0x00000000eb400000,0x00000000eb400000,0x00000000eb700000)
 ParOldGen       total 195584K, used 187793K [0x00000000c0000000, 0x00000000cbf00000, 0x00000000eab00000)
  object space 195584K, 96% used [0x00000000c0000000,0x00000000cb764708,0x00000000cbf00000)
 Metaspace       used 61136K, committed 62272K, reserved 1114112K
  class space    used 6504K, committed 7040K, reserved 1048576K
}
Event: 35.116 GC heap before
{Heap before GC invocations=104 (full 7):
 PSYoungGen      total 11776K, used 11572K [0x00000000eab00000, 0x00000000eba00000, 0x0000000100000000)
  eden space 8704K, 100% used [0x00000000eab00000,0x00000000eb380000,0x00000000eb380000)
  from space 3072K, 93% used [0x00000000eb700000,0x00000000eb9cd1e8,0x00000000eba00000)
  to   space 3072K, 0% used [0x00000000eb400000,0x00000000eb400000,0x00000000eb700000)
 ParOldGen       total 195584K, used 187796K [0x00000000c0000000, 0x00000000cbf00000, 0x00000000eab00000)
  object space 195584K, 96% used [0x00000000c0000000,0x00000000cb765300,0x00000000cbf00000)
 Metaspace       used 61165K, committed 62336K, reserved 1114112K
  class space    used 6505K, committed 7040K, reserved 1048576K
}
Event: 35.120 GC heap after
{Heap after GC invocations=104 (full 7):
 PSYoungGen      total 11776K, used 3044K [0x00000000eab00000, 0x00000000ebb80000, 0x0000000100000000)
  eden space 8704K, 0% used [0x00000000eab00000,0x00000000eab00000,0x00000000eb380000)
  from space 3072K, 99% used [0x00000000eb400000,0x00000000eb6f9218,0x00000000eb700000)
  to   space 4096K, 0% used [0x00000000eb780000,0x00000000eb780000,0x00000000ebb80000)
 ParOldGen       total 195584K, used 188294K [0x00000000c0000000, 0x00000000cbf00000, 0x00000000eab00000)
  object space 195584K, 96% used [0x00000000c0000000,0x00000000cb7e1b38,0x00000000cbf00000)
 Metaspace       used 61165K, committed 62336K, reserved 1114112K
  class space    used 6505K, committed 7040K, reserved 1048576K
}
Event: 35.174 GC heap before
{Heap before GC invocations=105 (full 7):
 PSYoungGen      total 11776K, used 11748K [0x00000000eab00000, 0x00000000ebb80000, 0x0000000100000000)
  eden space 8704K, 100% used [0x00000000eab00000,0x00000000eb380000,0x00000000eb380000)
  from space 3072K, 99% used [0x00000000eb400000,0x00000000eb6f9218,0x00000000eb700000)
  to   space 4096K, 0% used [0x00000000eb780000,0x00000000eb780000,0x00000000ebb80000)
 ParOldGen       total 195584K, used 188294K [0x00000000c0000000, 0x00000000cbf00000, 0x00000000eab00000)
  object space 195584K, 96% used [0x00000000c0000000,0x00000000cb7e1b38,0x00000000cbf00000)
 Metaspace       used 61209K, committed 62336K, reserved 1114112K
  class space    used 6505K, committed 7040K, reserved 1048576K
}
Event: 35.179 GC heap after
{Heap after GC invocations=105 (full 7):
 PSYoungGen      total 11264K, used 2473K [0x00000000eab00000, 0x00000000eba00000, 0x0000000100000000)
  eden space 8704K, 0% used [0x00000000eab00000,0x00000000eab00000,0x00000000eb380000)
  from space 2560K, 96% used [0x00000000eb780000,0x00000000eb9ea500,0x00000000eba00000)
  to   space 3072K, 0% used [0x00000000eb400000,0x00000000eb400000,0x00000000eb700000)
 ParOldGen       total 195584K, used 190042K [0x00000000c0000000, 0x00000000cbf00000, 0x00000000eab00000)
  object space 195584K, 97% used [0x00000000c0000000,0x00000000cb9969d8,0x00000000cbf00000)
 Metaspace       used 61209K, committed 62336K, reserved 1114112K
  class space    used 6505K, committed 7040K, reserved 1048576K
}
Event: 35.228 GC heap before
{Heap before GC invocations=106 (full 7):
 PSYoungGen      total 11264K, used 11177K [0x00000000eab00000, 0x00000000eba00000, 0x0000000100000000)
  eden space 8704K, 100% used [0x00000000eab00000,0x00000000eb380000,0x00000000eb380000)
  from space 2560K, 96% used [0x00000000eb780000,0x00000000eb9ea500,0x00000000eba00000)
  to   space 3072K, 0% used [0x00000000eb400000,0x00000000eb400000,0x00000000eb700000)
 ParOldGen       total 195584K, used 190042K [0x00000000c0000000, 0x00000000cbf00000, 0x00000000eab00000)
  object space 195584K, 97% used [0x00000000c0000000,0x00000000cb9969d8,0x00000000cbf00000)
 Metaspace       used 61251K, committed 62400K, reserved 1114112K
  class space    used 6506K, committed 7040K, reserved 1048576K
}
Event: 35.232 GC heap after
{Heap after GC invocations=106 (full 7):
 PSYoungGen      total 11776K, used 3065K [0x00000000eab00000, 0x00000000eba80000, 0x0000000100000000)
  eden space 8704K, 0% used [0x00000000eab00000,0x00000000eab00000,0x00000000eb380000)
  from space 3072K, 99% used [0x00000000eb400000,0x00000000eb6fe530,0x00000000eb700000)
  to   space 3584K, 0% used [0x00000000eb700000,0x00000000eb700000,0x00000000eba80000)
 ParOldGen       total 195584K, used 190203K [0x00000000c0000000, 0x00000000cbf00000, 0x00000000eab00000)
  object space 195584K, 97% used [0x00000000c0000000,0x00000000cb9beed8,0x00000000cbf00000)
 Metaspace       used 61251K, committed 62400K, reserved 1114112K
  class space    used 6506K, committed 7040K, reserved 1048576K
}
Event: 35.373 GC heap before
{Heap before GC invocations=107 (full 7):
 PSYoungGen      total 11776K, used 11769K [0x00000000eab00000, 0x00000000eba80000, 0x0000000100000000)
  eden space 8704K, 100% used [0x00000000eab00000,0x00000000eb380000,0x00000000eb380000)
  from space 3072K, 99% used [0x00000000eb400000,0x00000000eb6fe530,0x00000000eb700000)
  to   space 3584K, 0% used [0x00000000eb700000,0x00000000eb700000,0x00000000eba80000)
 ParOldGen       total 195584K, used 190203K [0x00000000c0000000, 0x00000000cbf00000, 0x00000000eab00000)
  object space 195584K, 97% used [0x00000000c0000000,0x00000000cb9beed8,0x00000000cbf00000)
 Metaspace       used 61262K, committed 62400K, reserved 1114112K
  class space    used 6507K, committed 7040K, reserved 1048576K
}
Event: 35.378 GC heap after
{Heap after GC invocations=107 (full 7):
 PSYoungGen      total 11776K, used 2743K [0x00000000eab00000, 0x00000000eba00000, 0x0000000100000000)
  eden space 8704K, 0% used [0x00000000eab00000,0x00000000eab00000,0x00000000eb380000)
  from space 3072K, 89% used [0x00000000eb700000,0x00000000eb9add38,0x00000000eba00000)
  to   space 3072K, 0% used [0x00000000eb400000,0x00000000eb400000,0x00000000eb700000)
 ParOldGen       total 195584K, used 191500K [0x00000000c0000000, 0x00000000cbf00000, 0x00000000eab00000)
  object space 195584K, 97% used [0x00000000c0000000,0x00000000cbb031c0,0x00000000cbf00000)
 Metaspace       used 61262K, committed 62400K, reserved 1114112K
  class space    used 6507K, committed 7040K, reserved 1048576K
}
Event: 35.590 GC heap before
{Heap before GC invocations=108 (full 7):
 PSYoungGen      total 11776K, used 11447K [0x00000000eab00000, 0x00000000eba00000, 0x0000000100000000)
  eden space 8704K, 99% used [0x00000000eab00000,0x00000000eb37fff8,0x00000000eb380000)
  from space 3072K, 89% used [0x00000000eb700000,0x00000000eb9add38,0x00000000eba00000)
  to   space 3072K, 0% used [0x00000000eb400000,0x00000000eb400000,0x00000000eb700000)
 ParOldGen       total 195584K, used 191500K [0x00000000c0000000, 0x00000000cbf00000, 0x00000000eab00000)
  object space 195584K, 97% used [0x00000000c0000000,0x00000000cbb031c0,0x00000000cbf00000)
 Metaspace       used 61547K, committed 62720K, reserved 1114112K
  class space    used 6524K, committed 7040K, reserved 1048576K
}
Event: 35.594 GC heap after
{Heap after GC invocations=108 (full 7):
 PSYoungGen      total 11776K, used 3058K [0x00000000eab00000, 0x00000000ebc80000, 0x0000000100000000)
  eden space 8704K, 0% used [0x00000000eab00000,0x00000000eab00000,0x00000000eb380000)
  from space 3072K, 99% used [0x00000000eb400000,0x00000000eb6fc988,0x00000000eb700000)
  to   space 4608K, 0% used [0x00000000eb800000,0x00000000eb800000,0x00000000ebc80000)
 ParOldGen       total 195584K, used 192549K [0x00000000c0000000, 0x00000000cbf00000, 0x00000000eab00000)
  object space 195584K, 98% used [0x00000000c0000000,0x00000000cbc094a0,0x00000000cbf00000)
 Metaspace       used 61547K, committed 62720K, reserved 1114112K
  class space    used 6524K, committed 7040K, reserved 1048576K
}
Event: 35.617 GC heap before
{Heap before GC invocations=109 (full 7):
 PSYoungGen      total 11776K, used 11762K [0x00000000eab00000, 0x00000000ebc80000, 0x0000000100000000)
  eden space 8704K, 100% used [0x00000000eab00000,0x00000000eb380000,0x00000000eb380000)
  from space 3072K, 99% used [0x00000000eb400000,0x00000000eb6fc988,0x00000000eb700000)
  to   space 4608K, 0% used [0x00000000eb800000,0x00000000eb800000,0x00000000ebc80000)
 ParOldGen       total 195584K, used 192549K [0x00000000c0000000, 0x00000000cbf00000, 0x00000000eab00000)
  object space 195584K, 98% used [0x00000000c0000000,0x00000000cbc094a0,0x00000000cbf00000)
 Metaspace       used 61558K, committed 62720K, reserved 1114112K
  class space    used 6524K, committed 7040K, reserved 1048576K
}
Event: 35.620 GC heap after
{Heap after GC invocations=109 (full 7):
 PSYoungGen      total 11264K, used 2495K [0x00000000eab00000, 0x00000000eba80000, 0x0000000100000000)
  eden space 8704K, 0% used [0x00000000eab00000,0x00000000eab00000,0x00000000eb380000)
  from space 2560K, 97% used [0x00000000eb800000,0x00000000eba6fd48,0x00000000eba80000)
  to   space 3584K, 0% used [0x00000000eb380000,0x00000000eb380000,0x00000000eb700000)
 ParOldGen       total 195584K, used 193768K [0x00000000c0000000, 0x00000000cbf00000, 0x00000000eab00000)
  object space 195584K, 99% used [0x00000000c0000000,0x00000000cbd3a180,0x00000000cbf00000)
 Metaspace       used 61558K, committed 62720K, reserved 1114112K
  class space    used 6524K, committed 7040K, reserved 1048576K
}
Event: 35.651 GC heap before
{Heap before GC invocations=110 (full 7):
 PSYoungGen      total 11264K, used 11076K [0x00000000eab00000, 0x00000000eba80000, 0x0000000100000000)
  eden space 8704K, 98% used [0x00000000eab00000,0x00000000eb3615e0,0x00000000eb380000)
  from space 2560K, 97% used [0x00000000eb800000,0x00000000eba6fd48,0x00000000eba80000)
  to   space 3584K, 0% used [0x00000000eb380000,0x00000000eb380000,0x00000000eb700000)
 ParOldGen       total 195584K, used 193768K [0x00000000c0000000, 0x00000000cbf00000, 0x00000000eab00000)
  object space 195584K, 99% used [0x00000000c0000000,0x00000000cbd3a180,0x00000000cbf00000)
 Metaspace       used 61570K, committed 62720K, reserved 1114112K
  class space    used 6524K, committed 7040K, reserved 1048576K
}
Event: 35.654 GC heap after
{Heap after GC invocations=110 (full 7):
 PSYoungGen      total 12288K, used 3349K [0x00000000eab00000, 0x00000000eba80000, 0x0000000100000000)
  eden space 8704K, 0% used [0x00000000eab00000,0x00000000eab00000,0x00000000eb380000)
  from space 3584K, 93% used [0x00000000eb380000,0x00000000eb6c54c8,0x00000000eb700000)
  to   space 3584K, 0% used [0x00000000eb700000,0x00000000eb700000,0x00000000eba80000)
 ParOldGen       total 195584K, used 193768K [0x00000000c0000000, 0x00000000cbf00000, 0x00000000eab00000)
  object space 195584K, 99% used [0x00000000c0000000,0x00000000cbd3a180,0x00000000cbf00000)
 Metaspace       used 61570K, committed 62720K, reserved 1114112K
  class space    used 6524K, committed 7040K, reserved 1048576K
}

